<?xml version="1.0" encoding="UTF-8"?>
<!-- Generated by org.testng.reporters.JUnitXMLReporter -->
<testsuite ignored="0" hostname="DESKTOP-A55II15" failures="1" tests="1" name="LowPriority Test(failed)" time="4.026" errors="0" timestamp="2022-08-04T18:19:17 IST">
  <testcase classname="com.SauceDemo.TestClasses1.TC001_VerifyLoginPageFunctionality" name="loginPageFunctionality" time="0.269">
    <failure type="java.lang.AssertionError" message="expected [Labs] but found [Swag Labs]">
      <![CDATA[java.lang.AssertionError: expected [Labs] but found [Swag Labs]
at com.SauceDemo.TestClasses1.TC001_VerifyLoginPageFunctionality.loginPageFunctionality(TC001_VerifyLoginPageFunctionality.java:26)
at java.base/java.util.ArrayList.forEach(ArrayList.java:1511)
... Removed 31 stack frames]]>
    </failure>
  </testcase> <!-- loginPageFunctionality -->
</testsuite> <!-- LowPriority Test(failed) -->
